#
# There is insufficient memory for the Java Runtime Environment to continue.
# Native memory allocation (malloc) failed to allocate 1273776 bytes for Chunk::new
# Possible reasons:
#   The system is out of physical RAM or swap space
#   The process is running with CompressedOops enabled, and the Java Heap may be blocking the growth of the native heap
# Possible solutions:
#   Reduce memory load on the system
#   Increase physical memory or swap space
#   Check if swap backing store is full
#   Decrease Java heap size (-Xmx/-Xms)
#   Decrease number of Java threads
#   Decrease Java thread stack sizes (-Xss)
#   Set larger code cache with -XX:ReservedCodeCacheSize=
#   JVM is running with Unscaled Compressed Oops mode in which the Java heap is
#     placed in the first 4GB address space. The Java Heap base address is the
#     maximum limit for the native heap growth. Please use -XX:HeapBaseMinAddress
#     to set the Java Heap base and to place the Java Heap above 4GB virtual address.
# This output file may be truncated or incomplete.
#
#  Out of Memory Error (./src/hotspot/share/memory/arena.cpp:197), pid=15176, tid=13636
#
# JRE version: OpenJDK Runtime Environment (11.0.7+10) (build 11.0.7+10-LTS)
# Java VM: OpenJDK 64-Bit Server VM (11.0.7+10-LTS, mixed mode, tiered, compressed oops, g1 gc, windows-amd64)
# No core dump will be written. Minidumps are not enabled by default on client versions of Windows
#

---------------  S U M M A R Y ------------

Command Line: --add-opens=java.base/java.util=ALL-UNNAMED --add-opens=java.base/java.lang=ALL-UNNAMED --add-opens=java.base/java.lang.invoke=ALL-UNNAMED --add-opens=java.prefs/java.util.prefs=ALL-UNNAMED -XX:MaxMetaspaceSize=256m -XX:+HeapDumpOnOutOfMemoryError -Xms256m -Xmx512m -Dfile.encoding=windows-1252 -Duser.country=CL -Duser.language=es -Duser.variant org.gradle.launcher.daemon.bootstrap.GradleDaemon 6.2

Host: Intel(R) Core(TM) i7-9700K CPU @ 3.60GHz, 8 cores, 15G,  Windows 10 , 64 bit Build 18362 (10.0.18362.1110)
Time: Sun Nov  8 19:42:43 2020 Hora verano Sudamérica Pacífico elapsed time: 1 seconds (0d 0h 0m 1s)

---------------  T H R E A D  ---------------

Current thread (0x0000013192c7d800):  JavaThread "C2 CompilerThread0" daemon [_thread_in_native, id=13636, stack(0x0000002a49c00000,0x0000002a49d00000)]


Current CompileTask:
C2:   1854 1858   !   4       java.lang.ClassLoader::loadClass (122 bytes)

Stack: [0x0000002a49c00000,0x0000002a49d00000]
Native frames: (J=compiled Java code, j=interpreted, Vv=VM code, C=native code)
V  [jvm.dll+0x5e3cca]
V  [jvm.dll+0x77a76e]
V  [jvm.dll+0x77be3f]
V  [jvm.dll+0x77c503]
V  [jvm.dll+0x242b18]
V  [jvm.dll+0xba99c]
V  [jvm.dll+0xbaf2c]
V  [jvm.dll+0x348b72]
V  [jvm.dll+0x194bd9]
V  [jvm.dll+0x1fc592]
V  [jvm.dll+0x1fb63f]
V  [jvm.dll+0x18068c]
V  [jvm.dll+0x20ab97]
V  [jvm.dll+0x208d7b]
V  [jvm.dll+0x73f389]
V  [jvm.dll+0x738624]
V  [jvm.dll+0x5e2c56]
C  [ucrtbase.dll+0x210b2]
C  [KERNEL32.DLL+0x17c24]
C  [ntdll.dll+0x6cea1]


---------------  P R O C E S S  ---------------

Threads class SMR info:
_java_thread_list=0x000001319442a1f0, length=24, elements={
0x00000131f6c99000, 0x00000131923f3000, 0x0000013192c29000, 0x0000013192c79800,
0x0000013192c7a800, 0x0000013192c7d800, 0x0000013192c80800, 0x0000013192c89800,
0x0000013192df5800, 0x0000013192e40000, 0x0000013194768000, 0x00000131940cd800,
0x0000013194261000, 0x0000013194bb8000, 0x0000013194764800, 0x00000131948fb800,
0x0000013194744000, 0x0000013194bdc000, 0x00000131948fc800, 0x0000013193b71000,
0x0000013194d0f800, 0x0000013194d10800, 0x0000013194d11000, 0x0000013194ebc000
}

Java Threads: ( => current thread )
  0x00000131f6c99000 JavaThread "main" [_thread_blocked, id=22220, stack(0x0000002a49100000,0x0000002a49200000)]
  0x00000131923f3000 JavaThread "Reference Handler" daemon [_thread_blocked, id=21912, stack(0x0000002a49800000,0x0000002a49900000)]
  0x0000013192c29000 JavaThread "Finalizer" daemon [_thread_blocked, id=29804, stack(0x0000002a49900000,0x0000002a49a00000)]
  0x0000013192c79800 JavaThread "Signal Dispatcher" daemon [_thread_blocked, id=19776, stack(0x0000002a49a00000,0x0000002a49b00000)]
  0x0000013192c7a800 JavaThread "Attach Listener" daemon [_thread_blocked, id=10484, stack(0x0000002a49b00000,0x0000002a49c00000)]
=>0x0000013192c7d800 JavaThread "C2 CompilerThread0" daemon [_thread_in_native, id=13636, stack(0x0000002a49c00000,0x0000002a49d00000)]
  0x0000013192c80800 JavaThread "C1 CompilerThread0" daemon [_thread_blocked, id=13632, stack(0x0000002a49d00000,0x0000002a49e00000)]
  0x0000013192c89800 JavaThread "Sweeper thread" daemon [_thread_blocked, id=13624, stack(0x0000002a49e00000,0x0000002a49f00000)]
  0x0000013192df5800 JavaThread "Common-Cleaner" daemon [_thread_blocked, id=13628, stack(0x0000002a49f00000,0x0000002a4a000000)]
  0x0000013192e40000 JavaThread "Service Thread" daemon [_thread_blocked, id=3244, stack(0x0000002a4a000000,0x0000002a4a100000)]
  0x0000013194768000 JavaThread "Daemon health stats" [_thread_blocked, id=2908, stack(0x0000002a4a800000,0x0000002a4a900000)]
  0x00000131940cd800 JavaThread "Incoming local TCP Connector on port 52852" [_thread_in_native, id=23484, stack(0x0000002a4a200000,0x0000002a4a300000)]
  0x0000013194261000 JavaThread "Daemon periodic checks" [_thread_blocked, id=19436, stack(0x0000002a4a900000,0x0000002a4aa00000)]
  0x0000013194bb8000 JavaThread "Daemon" [_thread_blocked, id=19228, stack(0x0000002a4aa00000,0x0000002a4ab00000)]
  0x0000013194764800 JavaThread "Handler for socket connection from /127.0.0.1:52852 to /127.0.0.1:52853" [_thread_in_native, id=24940, stack(0x0000002a4ab00000,0x0000002a4ac00000)]
  0x00000131948fb800 JavaThread "Cancel handler" [_thread_blocked, id=18220, stack(0x0000002a4ac00000,0x0000002a4ad00000)]
  0x0000013194744000 JavaThread "Daemon worker" [_thread_in_vm, id=12264, stack(0x0000002a4ad00000,0x0000002a4ae00000)]
  0x0000013194bdc000 JavaThread "Asynchronous log dispatcher for DefaultDaemonConnection: socket connection from /127.0.0.1:52852 to /127.0.0.1:52853" [_thread_blocked, id=20432, stack(0x0000002a4ae00000,0x0000002a4af00000)]
  0x00000131948fc800 JavaThread "Stdin handler" [_thread_blocked, id=17404, stack(0x0000002a4af00000,0x0000002a4b000000)]
  0x0000013193b71000 JavaThread "Thread-8" [_thread_blocked, id=9892, stack(0x0000002a4b000000,0x0000002a4b100000)]
  0x0000013194d0f800 JavaThread "Cache worker for journal cache (C:\Users\Eduardo\.gradle\caches\journal-1)" [_thread_blocked, id=23228, stack(0x0000002a4b100000,0x0000002a4b200000)]
  0x0000013194d10800 JavaThread "File lock request listener" [_thread_in_native, id=31732, stack(0x0000002a4b200000,0x0000002a4b300000)]
  0x0000013194d11000 JavaThread "Cache worker for file hash cache (C:\Users\Eduardo\.gradle\caches\6.2\fileHashes)" [_thread_blocked, id=21160, stack(0x0000002a4b300000,0x0000002a4b400000)]
  0x0000013194ebc000 JavaThread "C2 CompilerThread1" daemon [_thread_in_native, id=24328, stack(0x0000002a4b700000,0x0000002a4b800000)]

Other Threads:
  0x00000131923ec800 VMThread "VM Thread" [stack: 0x0000002a49700000,0x0000002a49800000] [id=10876]
  0x0000013192e42800 WatcherThread [stack: 0x0000002a4a100000,0x0000002a4a200000] [id=23380]
  0x00000131f6cb0000 GCTaskThread "GC Thread#0" [stack: 0x0000002a49200000,0x0000002a49300000] [id=23908]
  0x0000013193341800 GCTaskThread "GC Thread#1" [stack: 0x0000002a4a300000,0x0000002a4a400000] [id=19096]
  0x00000131938c0800 GCTaskThread "GC Thread#2" [stack: 0x0000002a4a400000,0x0000002a4a500000] [id=11536]
  0x0000013193a11000 GCTaskThread "GC Thread#3" [stack: 0x0000002a4a500000,0x0000002a4a600000] [id=1156]
  0x0000013193a12000 GCTaskThread "GC Thread#4" [stack: 0x0000002a4a600000,0x0000002a4a700000] [id=13544]
  0x0000013193a45000 GCTaskThread "GC Thread#5" [stack: 0x0000002a4a700000,0x0000002a4a800000] [id=6620]
  0x0000013194bb6000 GCTaskThread "GC Thread#6" [stack: 0x0000002a4b400000,0x0000002a4b500000] [id=15848]
  0x0000013194cf8800 GCTaskThread "GC Thread#7" [stack: 0x0000002a4b500000,0x0000002a4b600000] [id=2316]
  0x00000131f6cc1800 ConcurrentGCThread "G1 Main Marker" [stack: 0x0000002a49300000,0x0000002a49400000] [id=5676]
  0x00000131f6cc4000 ConcurrentGCThread "G1 Conc#0" [stack: 0x0000002a49400000,0x0000002a49500000] [id=27560]
  0x0000013194e8d800 ConcurrentGCThread "G1 Conc#1" [stack: 0x0000002a4b600000,0x0000002a4b700000] [id=14332]
  0x0000013192289000 ConcurrentGCThread "G1 Refine#0" [stack: 0x0000002a49500000,0x0000002a49600000] [id=18648]
  0x000001319228e000 ConcurrentGCThread "G1 Young RemSet Sampling" [stack: 0x0000002a49600000,0x0000002a49700000] [id=11748]

Threads with active compile tasks:
C2 CompilerThread0   1870 1858   !   4       java.lang.ClassLoader::loadClass (122 bytes)
C2 CompilerThread1   1870 1972       4       java.io.DataOutputStream::writeUTF (435 bytes)

VM state:not at safepoint (normal execution)

VM Mutex/Monitor currently owned by a thread: None

Heap address: 0x00000000e0000000, size: 512 MB, Compressed Oops mode: 32-bit
Narrow klass base: 0x0000000000000000, Narrow klass shift: 3
Compressed class space size: 260046848 Address: 0x0000000100000000

Heap:
 garbage-first heap   total 262144K, used 24748K [0x00000000e0000000, 0x0000000100000000)
  region size 1024K, 20 young (20480K), 10 survivors (10240K)
 Metaspace       used 22207K, capacity 22688K, committed 22832K, reserved 274432K
  class space    used 2734K, capacity 2918K, committed 2944K, reserved 253952K
Heap Regions: E=young(eden), S=young(survivor), O=old, HS=humongous(starts), HC=humongous(continues), CS=collection set, F=free, A=archive, TAMS=top-at-mark-start (previous, next)
|   0|0x00000000e0000000, 0x00000000e0000000, 0x00000000e0100000|  0%| F|  |TAMS 0x00000000e0000000, 0x00000000e0000000| Untracked 
|   1|0x00000000e0100000, 0x00000000e0100000, 0x00000000e0200000|  0%| F|  |TAMS 0x00000000e0100000, 0x00000000e0100000| Untracked 
|   2|0x00000000e0200000, 0x00000000e0200000, 0x00000000e0300000|  0%| F|  |TAMS 0x00000000e0200000, 0x00000000e0200000| Untracked 
|   3|0x00000000e0300000, 0x00000000e0400000, 0x00000000e0400000|100%|HS|  |TAMS 0x00000000e0400000, 0x00000000e0300000| Complete 
|   4|0x00000000e0400000, 0x00000000e0500000, 0x00000000e0500000|100%|HC|  |TAMS 0x00000000e0500000, 0x00000000e0400000| Complete 
|   5|0x00000000e0500000, 0x00000000e0600000, 0x00000000e0600000|100%|HC|  |TAMS 0x00000000e0600000, 0x00000000e0500000| Complete 
|   6|0x00000000e0600000, 0x00000000e0700000, 0x00000000e0700000|100%| O|  |TAMS 0x00000000e0700000, 0x00000000e0600000| Untracked 
|   7|0x00000000e0700000, 0x00000000e0800000, 0x00000000e0800000|100%| O|  |TAMS 0x00000000e0800000, 0x00000000e0700000| Untracked 
|   8|0x00000000e0800000, 0x00000000e08c2c00, 0x00000000e0900000| 76%| O|  |TAMS 0x00000000e08c2c00, 0x00000000e0800000| Untracked 
|   9|0x00000000e0900000, 0x00000000e0900000, 0x00000000e0a00000|  0%| F|  |TAMS 0x00000000e0900000, 0x00000000e0900000| Untracked 
|  10|0x00000000e0a00000, 0x00000000e0a00000, 0x00000000e0b00000|  0%| F|  |TAMS 0x00000000e0a00000, 0x00000000e0a00000| Untracked 
|  11|0x00000000e0b00000, 0x00000000e0b00000, 0x00000000e0c00000|  0%| F|  |TAMS 0x00000000e0b00000, 0x00000000e0b00000| Untracked 
|  12|0x00000000e0c00000, 0x00000000e0c00000, 0x00000000e0d00000|  0%| F|  |TAMS 0x00000000e0c00000, 0x00000000e0c00000| Untracked 
|  13|0x00000000e0d00000, 0x00000000e0d00000, 0x00000000e0e00000|  0%| F|  |TAMS 0x00000000e0d00000, 0x00000000e0d00000| Untracked 
|  14|0x00000000e0e00000, 0x00000000e0e00000, 0x00000000e0f00000|  0%| F|  |TAMS 0x00000000e0e00000, 0x00000000e0e00000| Untracked 
|  15|0x00000000e0f00000, 0x00000000e0f00000, 0x00000000e1000000|  0%| F|  |TAMS 0x00000000e0f00000, 0x00000000e0f00000| Untracked 
|  16|0x00000000e1000000, 0x00000000e1000000, 0x00000000e1100000|  0%| F|  |TAMS 0x00000000e1000000, 0x00000000e1000000| Untracked 
|  17|0x00000000e1100000, 0x00000000e1100000, 0x00000000e1200000|  0%| F|  |TAMS 0x00000000e1100000, 0x00000000e1100000| Untracked 
|  18|0x00000000e1200000, 0x00000000e1200000, 0x00000000e1300000|  0%| F|  |TAMS 0x00000000e1200000, 0x00000000e1200000| Untracked 
|  19|0x00000000e1300000, 0x00000000e1300000, 0x00000000e1400000|  0%| F|  |TAMS 0x00000000e1300000, 0x00000000e1300000| Untracked 
|  20|0x00000000e1400000, 0x00000000e1400000, 0x00000000e1500000|  0%| F|  |TAMS 0x00000000e1400000, 0x00000000e1400000| Untracked 
|  21|0x00000000e1500000, 0x00000000e1500000, 0x00000000e1600000|  0%| F|  |TAMS 0x00000000e1500000, 0x00000000e1500000| Untracked 
|  22|0x00000000e1600000, 0x00000000e1600000, 0x00000000e1700000|  0%| F|  |TAMS 0x00000000e1600000, 0x00000000e1600000| Untracked 
|  23|0x00000000e1700000, 0x00000000e1700000, 0x00000000e1800000|  0%| F|  |TAMS 0x00000000e1700000, 0x00000000e1700000| Untracked 
|  24|0x00000000e1800000, 0x00000000e1800000, 0x00000000e1900000|  0%| F|  |TAMS 0x00000000e1800000, 0x00000000e1800000| Untracked 
|  25|0x00000000e1900000, 0x00000000e1900000, 0x00000000e1a00000|  0%| F|  |TAMS 0x00000000e1900000, 0x00000000e1900000| Untracked 
|  26|0x00000000e1a00000, 0x00000000e1a00000, 0x00000000e1b00000|  0%| F|  |TAMS 0x00000000e1a00000, 0x00000000e1a00000| Untracked 
|  27|0x00000000e1b00000, 0x00000000e1b00000, 0x00000000e1c00000|  0%| F|  |TAMS 0x00000000e1b00000, 0x00000000e1b00000| Untracked 
|  28|0x00000000e1c00000, 0x00000000e1c00000, 0x00000000e1d00000|  0%| F|  |TAMS 0x00000000e1c00000, 0x00000000e1c00000| Untracked 
|  29|0x00000000e1d00000, 0x00000000e1d00000, 0x00000000e1e00000|  0%| F|  |TAMS 0x00000000e1d00000, 0x00000000e1d00000| Untracked 
|  30|0x00000000e1e00000, 0x00000000e1e00000, 0x00000000e1f00000|  0%| F|  |TAMS 0x00000000e1e00000, 0x00000000e1e00000| Untracked 
|  31|0x00000000e1f00000, 0x00000000e1f00000, 0x00000000e2000000|  0%| F|  |TAMS 0x00000000e1f00000, 0x00000000e1f00000| Untracked 
|  32|0x00000000e2000000, 0x00000000e2000000, 0x00000000e2100000|  0%| F|  |TAMS 0x00000000e2000000, 0x00000000e2000000| Untracked 
|  33|0x00000000e2100000, 0x00000000e2100000, 0x00000000e2200000|  0%| F|  |TAMS 0x00000000e2100000, 0x00000000e2100000| Untracked 
|  34|0x00000000e2200000, 0x00000000e2200000, 0x00000000e2300000|  0%| F|  |TAMS 0x00000000e2200000, 0x00000000e2200000| Untracked 
|  35|0x00000000e2300000, 0x00000000e2300000, 0x00000000e2400000|  0%| F|  |TAMS 0x00000000e2300000, 0x00000000e2300000| Untracked 
|  36|0x00000000e2400000, 0x00000000e2400000, 0x00000000e2500000|  0%| F|  |TAMS 0x00000000e2400000, 0x00000000e2400000| Untracked 
|  37|0x00000000e2500000, 0x00000000e2500000, 0x00000000e2600000|  0%| F|  |TAMS 0x00000000e2500000, 0x00000000e2500000| Untracked 
|  38|0x00000000e2600000, 0x00000000e2600000, 0x00000000e2700000|  0%| F|  |TAMS 0x00000000e2600000, 0x00000000e2600000| Untracked 
|  39|0x00000000e2700000, 0x00000000e2700000, 0x00000000e2800000|  0%| F|  |TAMS 0x00000000e2700000, 0x00000000e2700000| Untracked 
|  40|0x00000000e2800000, 0x00000000e2800000, 0x00000000e2900000|  0%| F|  |TAMS 0x00000000e2800000, 0x00000000e2800000| Untracked 
|  41|0x00000000e2900000, 0x00000000e2900000, 0x00000000e2a00000|  0%| F|  |TAMS 0x00000000e2900000, 0x00000000e2900000| Untracked 
|  42|0x00000000e2a00000, 0x00000000e2a00000, 0x00000000e2b00000|  0%| F|  |TAMS 0x00000000e2a00000, 0x00000000e2a00000| Untracked 
|  43|0x00000000e2b00000, 0x00000000e2b00000, 0x00000000e2c00000|  0%| F|  |TAMS 0x00000000e2b00000, 0x00000000e2b00000| Untracked 
|  44|0x00000000e2c00000, 0x00000000e2c00000, 0x00000000e2d00000|  0%| F|  |TAMS 0x00000000e2c00000, 0x00000000e2c00000| Untracked 
|  45|0x00000000e2d00000, 0x00000000e2d00000, 0x00000000e2e00000|  0%| F|  |TAMS 0x00000000e2d00000, 0x00000000e2d00000| Untracked 
|  46|0x00000000e2e00000, 0x00000000e2e00000, 0x00000000e2f00000|  0%| F|  |TAMS 0x00000000e2e00000, 0x00000000e2e00000| Untracked 
|  47|0x00000000e2f00000, 0x00000000e2f00000, 0x00000000e3000000|  0%| F|  |TAMS 0x00000000e2f00000, 0x00000000e2f00000| Untracked 
|  48|0x00000000e3000000, 0x00000000e3000000, 0x00000000e3100000|  0%| F|  |TAMS 0x00000000e3000000, 0x00000000e3000000| Untracked 
|  49|0x00000000e3100000, 0x00000000e3100000, 0x00000000e3200000|  0%| F|  |TAMS 0x00000000e3100000, 0x00000000e3100000| Untracked 
|  50|0x00000000e3200000, 0x00000000e3200000, 0x00000000e3300000|  0%| F|  |TAMS 0x00000000e3200000, 0x00000000e3200000| Untracked 
|  51|0x00000000e3300000, 0x00000000e3300000, 0x00000000e3400000|  0%| F|  |TAMS 0x00000000e3300000, 0x00000000e3300000| Untracked 
|  52|0x00000000e3400000, 0x00000000e3400000, 0x00000000e3500000|  0%| F|  |TAMS 0x00000000e3400000, 0x00000000e3400000| Untracked 
|  53|0x00000000e3500000, 0x00000000e3500000, 0x00000000e3600000|  0%| F|  |TAMS 0x00000000e3500000, 0x00000000e3500000| Untracked 
|  54|0x00000000e3600000, 0x00000000e3600000, 0x00000000e3700000|  0%| F|  |TAMS 0x00000000e3600000, 0x00000000e3600000| Untracked 
|  55|0x00000000e3700000, 0x00000000e3700000, 0x00000000e3800000|  0%| F|  |TAMS 0x00000000e3700000, 0x00000000e3700000| Untracked 
|  56|0x00000000e3800000, 0x00000000e3800000, 0x00000000e3900000|  0%| F|  |TAMS 0x00000000e3800000, 0x00000000e3800000| Untracked 
|  57|0x00000000e3900000, 0x00000000e3900000, 0x00000000e3a00000|  0%| F|  |TAMS 0x00000000e3900000, 0x00000000e3900000| Untracked 
|  58|0x00000000e3a00000, 0x00000000e3a00000, 0x00000000e3b00000|  0%| F|  |TAMS 0x00000000e3a00000, 0x00000000e3a00000| Untracked 
|  59|0x00000000e3b00000, 0x00000000e3b00000, 0x00000000e3c00000|  0%| F|  |TAMS 0x00000000e3b00000, 0x00000000e3b00000| Untracked 
|  60|0x00000000e3c00000, 0x00000000e3c00000, 0x00000000e3d00000|  0%| F|  |TAMS 0x00000000e3c00000, 0x00000000e3c00000| Untracked 
|  61|0x00000000e3d00000, 0x00000000e3d00000, 0x00000000e3e00000|  0%| F|  |TAMS 0x00000000e3d00000, 0x00000000e3d00000| Untracked 
|  62|0x00000000e3e00000, 0x00000000e3e00000, 0x00000000e3f00000|  0%| F|  |TAMS 0x00000000e3e00000, 0x00000000e3e00000| Untracked 
|  63|0x00000000e3f00000, 0x00000000e3f00000, 0x00000000e4000000|  0%| F|  |TAMS 0x00000000e3f00000, 0x00000000e3f00000| Untracked 
|  64|0x00000000e4000000, 0x00000000e4000000, 0x00000000e4100000|  0%| F|  |TAMS 0x00000000e4000000, 0x00000000e4000000| Untracked 
|  65|0x00000000e4100000, 0x00000000e4100000, 0x00000000e4200000|  0%| F|  |TAMS 0x00000000e4100000, 0x00000000e4100000| Untracked 
|  66|0x00000000e4200000, 0x00000000e4200000, 0x00000000e4300000|  0%| F|  |TAMS 0x00000000e4200000, 0x00000000e4200000| Untracked 
|  67|0x00000000e4300000, 0x00000000e4300000, 0x00000000e4400000|  0%| F|  |TAMS 0x00000000e4300000, 0x00000000e4300000| Untracked 
|  68|0x00000000e4400000, 0x00000000e4400000, 0x00000000e4500000|  0%| F|  |TAMS 0x00000000e4400000, 0x00000000e4400000| Untracked 
|  69|0x00000000e4500000, 0x00000000e4500000, 0x00000000e4600000|  0%| F|  |TAMS 0x00000000e4500000, 0x00000000e4500000| Untracked 
|  70|0x00000000e4600000, 0x00000000e4600000, 0x00000000e4700000|  0%| F|  |TAMS 0x00000000e4600000, 0x00000000e4600000| Untracked 
|  71|0x00000000e4700000, 0x00000000e4700000, 0x00000000e4800000|  0%| F|  |TAMS 0x00000000e4700000, 0x00000000e4700000| Untracked 
|  72|0x00000000e4800000, 0x00000000e4800000, 0x00000000e4900000|  0%| F|  |TAMS 0x00000000e4800000, 0x00000000e4800000| Untracked 
|  73|0x00000000e4900000, 0x00000000e4900000, 0x00000000e4a00000|  0%| F|  |TAMS 0x00000000e4900000, 0x00000000e4900000| Untracked 
|  74|0x00000000e4a00000, 0x00000000e4a00000, 0x00000000e4b00000|  0%| F|  |TAMS 0x00000000e4a00000, 0x00000000e4a00000| Untracked 
|  75|0x00000000e4b00000, 0x00000000e4b00000, 0x00000000e4c00000|  0%| F|  |TAMS 0x00000000e4b00000, 0x00000000e4b00000| Untracked 
|  76|0x00000000e4c00000, 0x00000000e4c00000, 0x00000000e4d00000|  0%| F|  |TAMS 0x00000000e4c00000, 0x00000000e4c00000| Untracked 
|  77|0x00000000e4d00000, 0x00000000e4d00000, 0x00000000e4e00000|  0%| F|  |TAMS 0x00000000e4d00000, 0x00000000e4d00000| Untracked 
|  78|0x00000000e4e00000, 0x00000000e4e00000, 0x00000000e4f00000|  0%| F|  |TAMS 0x00000000e4e00000, 0x00000000e4e00000| Untracked 
|  79|0x00000000e4f00000, 0x00000000e4f00000, 0x00000000e5000000|  0%| F|  |TAMS 0x00000000e4f00000, 0x00000000e4f00000| Untracked 
|  80|0x00000000e5000000, 0x00000000e5000000, 0x00000000e5100000|  0%| F|  |TAMS 0x00000000e5000000, 0x00000000e5000000| Untracked 
|  81|0x00000000e5100000, 0x00000000e5100000, 0x00000000e5200000|  0%| F|  |TAMS 0x00000000e5100000, 0x00000000e5100000| Untracked 
|  82|0x00000000e5200000, 0x00000000e5200000, 0x00000000e5300000|  0%| F|  |TAMS 0x00000000e5200000, 0x00000000e5200000| Untracked 
|  83|0x00000000e5300000, 0x00000000e5300000, 0x00000000e5400000|  0%| F|  |TAMS 0x00000000e5300000, 0x00000000e5300000| Untracked 
|  84|0x00000000e5400000, 0x00000000e5400000, 0x00000000e5500000|  0%| F|  |TAMS 0x00000000e5400000, 0x00000000e5400000| Untracked 
|  85|0x00000000e5500000, 0x00000000e5500000, 0x00000000e5600000|  0%| F|  |TAMS 0x00000000e5500000, 0x00000000e5500000| Untracked 
|  86|0x00000000e5600000, 0x00000000e5600000, 0x00000000e5700000|  0%| F|  |TAMS 0x00000000e5600000, 0x00000000e5600000| Untracked 
|  87|0x00000000e5700000, 0x00000000e5700000, 0x00000000e5800000|  0%| F|  |TAMS 0x00000000e5700000, 0x00000000e5700000| Untracked 
|  88|0x00000000e5800000, 0x00000000e5800000, 0x00000000e5900000|  0%| F|  |TAMS 0x00000000e5800000, 0x00000000e5800000| Untracked 
|  89|0x00000000e5900000, 0x00000000e5900000, 0x00000000e5a00000|  0%| F|  |TAMS 0x00000000e5900000, 0x00000000e5900000| Untracked 
|  90|0x00000000e5a00000, 0x00000000e5a00000, 0x00000000e5b00000|  0%| F|  |TAMS 0x00000000e5a00000, 0x00000000e5a00000| Untracked 
|  91|0x00000000e5b00000, 0x00000000e5b00000, 0x00000000e5c00000|  0%| F|  |TAMS 0x00000000e5b00000, 0x00000000e5b00000| Untracked 
|  92|0x00000000e5c00000, 0x00000000e5c00000, 0x00000000e5d00000|  0%| F|  |TAMS 0x00000000e5c00000, 0x00000000e5c00000| Untracked 
|  93|0x00000000e5d00000, 0x00000000e5d00000, 0x00000000e5e00000|  0%| F|  |TAMS 0x00000000e5d00000, 0x00000000e5d00000| Untracked 
|  94|0x00000000e5e00000, 0x00000000e5e00000, 0x00000000e5f00000|  0%| F|  |TAMS 0x00000000e5e00000, 0x00000000e5e00000| Untracked 
|  95|0x00000000e5f00000, 0x00000000e5f00000, 0x00000000e6000000|  0%| F|  |TAMS 0x00000000e5f00000, 0x00000000e5f00000| Untracked 
|  96|0x00000000e6000000, 0x00000000e6000000, 0x00000000e6100000|  0%| F|  |TAMS 0x00000000e6000000, 0x00000000e6000000| Untracked 
|  97|0x00000000e6100000, 0x00000000e6100000, 0x00000000e6200000|  0%| F|  |TAMS 0x00000000e6100000, 0x00000000e6100000| Untracked 
|  98|0x00000000e6200000, 0x00000000e6200000, 0x00000000e6300000|  0%| F|  |TAMS 0x00000000e6200000, 0x00000000e6200000| Untracked 
|  99|0x00000000e6300000, 0x00000000e6300000, 0x00000000e6400000|  0%| F|  |TAMS 0x00000000e6300000, 0x00000000e6300000| Untracked 
| 100|0x00000000e6400000, 0x00000000e6400000, 0x00000000e6500000|  0%| F|  |TAMS 0x00000000e6400000, 0x00000000e6400000| Untracked 
| 101|0x00000000e6500000, 0x00000000e6500000, 0x00000000e6600000|  0%| F|  |TAMS 0x00000000e6500000, 0x00000000e6500000| Untracked 
| 102|0x00000000e6600000, 0x00000000e6600000, 0x00000000e6700000|  0%| F|  |TAMS 0x00000000e6600000, 0x00000000e6600000| Untracked 
| 103|0x00000000e6700000, 0x00000000e6700000, 0x00000000e6800000|  0%| F|  |TAMS 0x00000000e6700000, 0x00000000e6700000| Untracked 
| 104|0x00000000e6800000, 0x00000000e6800000, 0x00000000e6900000|  0%| F|  |TAMS 0x00000000e6800000, 0x00000000e6800000| Untracked 
| 105|0x00000000e6900000, 0x00000000e6900000, 0x00000000e6a00000|  0%| F|  |TAMS 0x00000000e6900000, 0x00000000e6900000| Untracked 
| 106|0x00000000e6a00000, 0x00000000e6a00000, 0x00000000e6b00000|  0%| F|  |TAMS 0x00000000e6a00000, 0x00000000e6a00000| Untracked 
| 107|0x00000000e6b00000, 0x00000000e6b00000, 0x00000000e6c00000|  0%| F|  |TAMS 0x00000000e6b00000, 0x00000000e6b00000| Untracked 
| 108|0x00000000e6c00000, 0x00000000e6c00000, 0x00000000e6d00000|  0%| F|  |TAMS 0x00000000e6c00000, 0x00000000e6c00000| Untracked 
| 109|0x00000000e6d00000, 0x00000000e6d00000, 0x00000000e6e00000|  0%| F|  |TAMS 0x00000000e6d00000, 0x00000000e6d00000| Untracked 
| 110|0x00000000e6e00000, 0x00000000e6e00000, 0x00000000e6f00000|  0%| F|  |TAMS 0x00000000e6e00000, 0x00000000e6e00000| Untracked 
| 111|0x00000000e6f00000, 0x00000000e6f00000, 0x00000000e7000000|  0%| F|  |TAMS 0x00000000e6f00000, 0x00000000e6f00000| Untracked 
| 112|0x00000000e7000000, 0x00000000e7000000, 0x00000000e7100000|  0%| F|  |TAMS 0x00000000e7000000, 0x00000000e7000000| Untracked 
| 113|0x00000000e7100000, 0x00000000e7100000, 0x00000000e7200000|  0%| F|  |TAMS 0x00000000e7100000, 0x00000000e7100000| Untracked 
| 114|0x00000000e7200000, 0x00000000e7200000, 0x00000000e7300000|  0%| F|  |TAMS 0x00000000e7200000, 0x00000000e7200000| Untracked 
| 115|0x00000000e7300000, 0x00000000e7300000, 0x00000000e7400000|  0%| F|  |TAMS 0x00000000e7300000, 0x00000000e7300000| Untracked 
| 116|0x00000000e7400000, 0x00000000e7400000, 0x00000000e7500000|  0%| F|  |TAMS 0x00000000e7400000, 0x00000000e7400000| Untracked 
| 117|0x00000000e7500000, 0x00000000e7500000, 0x00000000e7600000|  0%| F|  |TAMS 0x00000000e7500000, 0x00000000e7500000| Untracked 
| 118|0x00000000e7600000, 0x00000000e7600000, 0x00000000e7700000|  0%| F|  |TAMS 0x00000000e7600000, 0x00000000e7600000| Untracked 
| 119|0x00000000e7700000, 0x00000000e7700000, 0x00000000e7800000|  0%| F|  |TAMS 0x00000000e7700000, 0x00000000e7700000| Untracked 
| 120|0x00000000e7800000, 0x00000000e7800000, 0x00000000e7900000|  0%| F|  |TAMS 0x00000000e7800000, 0x00000000e7800000| Untracked 
| 121|0x00000000e7900000, 0x00000000e7900000, 0x00000000e7a00000|  0%| F|  |TAMS 0x00000000e7900000, 0x00000000e7900000| Untracked 
| 122|0x00000000e7a00000, 0x00000000e7a00000, 0x00000000e7b00000|  0%| F|  |TAMS 0x00000000e7a00000, 0x00000000e7a00000| Untracked 
| 123|0x00000000e7b00000, 0x00000000e7b00000, 0x00000000e7c00000|  0%| F|  |TAMS 0x00000000e7b00000, 0x00000000e7b00000| Untracked 
| 124|0x00000000e7c00000, 0x00000000e7c00000, 0x00000000e7d00000|  0%| F|  |TAMS 0x00000000e7c00000, 0x00000000e7c00000| Untracked 
| 125|0x00000000e7d00000, 0x00000000e7d00000, 0x00000000e7e00000|  0%| F|  |TAMS 0x00000000e7d00000, 0x00000000e7d00000| Untracked 
| 126|0x00000000e7e00000, 0x00000000e7e00000, 0x00000000e7f00000|  0%| F|  |TAMS 0x00000000e7e00000, 0x00000000e7e00000| Untracked 
| 127|0x00000000e7f00000, 0x00000000e7f00000, 0x00000000e8000000|  0%| F|  |TAMS 0x00000000e7f00000, 0x00000000e7f00000| Untracked 
| 128|0x00000000e8000000, 0x00000000e8000000, 0x00000000e8100000|  0%| F|  |TAMS 0x00000000e8000000, 0x00000000e8000000| Untracked 
| 129|0x00000000e8100000, 0x00000000e8100000, 0x00000000e8200000|  0%| F|  |TAMS 0x00000000e8100000, 0x00000000e8100000| Untracked 
| 130|0x00000000e8200000, 0x00000000e8200000, 0x00000000e8300000|  0%| F|  |TAMS 0x00000000e8200000, 0x00000000e8200000| Untracked 
| 131|0x00000000e8300000, 0x00000000e8300000, 0x00000000e8400000|  0%| F|  |TAMS 0x00000000e8300000, 0x00000000e8300000| Untracked 
| 132|0x00000000e8400000, 0x00000000e8400000, 0x00000000e8500000|  0%| F|  |TAMS 0x00000000e8400000, 0x00000000e8400000| Untracked 
| 133|0x00000000e8500000, 0x00000000e8500000, 0x00000000e8600000|  0%| F|  |TAMS 0x00000000e8500000, 0x00000000e8500000| Untracked 
| 134|0x00000000e8600000, 0x00000000e8600000, 0x00000000e8700000|  0%| F|  |TAMS 0x00000000e8600000, 0x00000000e8600000| Untracked 
| 135|0x00000000e8700000, 0x00000000e8700000, 0x00000000e8800000|  0%| F|  |TAMS 0x00000000e8700000, 0x00000000e8700000| Untracked 
| 136|0x00000000e8800000, 0x00000000e8800000, 0x00000000e8900000|  0%| F|  |TAMS 0x00000000e8800000, 0x00000000e8800000| Untracked 
| 137|0x00000000e8900000, 0x00000000e8900000, 0x00000000e8a00000|  0%| F|  |TAMS 0x00000000e8900000, 0x00000000e8900000| Untracked 
| 138|0x00000000e8a00000, 0x00000000e8a00000, 0x00000000e8b00000|  0%| F|  |TAMS 0x00000000e8a00000, 0x00000000e8a00000| Untracked 
| 139|0x00000000e8b00000, 0x00000000e8b00000, 0x00000000e8c00000|  0%| F|  |TAMS 0x00000000e8b00000, 0x00000000e8b00000| Untracked 
| 140|0x00000000e8c00000, 0x00000000e8c00000, 0x00000000e8d00000|  0%| F|  |TAMS 0x00000000e8c00000, 0x00000000e8c00000| Untracked 
| 141|0x00000000e8d00000, 0x00000000e8d00000, 0x00000000e8e00000|  0%| F|  |TAMS 0x00000000e8d00000, 0x00000000e8d00000| Untracked 
| 142|0x00000000e8e00000, 0x00000000e8e00000, 0x00000000e8f00000|  0%| F|  |TAMS 0x00000000e8e00000, 0x00000000e8e00000| Untracked 
| 143|0x00000000e8f00000, 0x00000000e8f00000, 0x00000000e9000000|  0%| F|  |TAMS 0x00000000e8f00000, 0x00000000e8f00000| Untracked 
| 144|0x00000000e9000000, 0x00000000e9000000, 0x00000000e9100000|  0%| F|  |TAMS 0x00000000e9000000, 0x00000000e9000000| Untracked 
| 145|0x00000000e9100000, 0x00000000e9100000, 0x00000000e9200000|  0%| F|  |TAMS 0x00000000e9100000, 0x00000000e9100000| Untracked 
| 146|0x00000000e9200000, 0x00000000e9200000, 0x00000000e9300000|  0%| F|  |TAMS 0x00000000e9200000, 0x00000000e9200000| Untracked 
| 147|0x00000000e9300000, 0x00000000e9300000, 0x00000000e9400000|  0%| F|  |TAMS 0x00000000e9300000, 0x00000000e9300000| Untracked 
| 148|0x00000000e9400000, 0x00000000e9400000, 0x00000000e9500000|  0%| F|  |TAMS 0x00000000e9400000, 0x00000000e9400000| Untracked 
| 149|0x00000000e9500000, 0x00000000e9500000, 0x00000000e9600000|  0%| F|  |TAMS 0x00000000e9500000, 0x00000000e9500000| Untracked 
| 150|0x00000000e9600000, 0x00000000e9600000, 0x00000000e9700000|  0%| F|  |TAMS 0x00000000e9600000, 0x00000000e9600000| Untracked 
| 151|0x00000000e9700000, 0x00000000e9700000, 0x00000000e9800000|  0%| F|  |TAMS 0x00000000e9700000, 0x00000000e9700000| Untracked 
| 152|0x00000000e9800000, 0x00000000e9800000, 0x00000000e9900000|  0%| F|  |TAMS 0x00000000e9800000, 0x00000000e9800000| Untracked 
| 153|0x00000000e9900000, 0x00000000e9900000, 0x00000000e9a00000|  0%| F|  |TAMS 0x00000000e9900000, 0x00000000e9900000| Untracked 
| 154|0x00000000e9a00000, 0x00000000e9a00000, 0x00000000e9b00000|  0%| F|  |TAMS 0x00000000e9a00000, 0x00000000e9a00000| Untracked 
| 155|0x00000000e9b00000, 0x00000000e9b00000, 0x00000000e9c00000|  0%| F|  |TAMS 0x00000000e9b00000, 0x00000000e9b00000| Untracked 
| 156|0x00000000e9c00000, 0x00000000e9c00000, 0x00000000e9d00000|  0%| F|  |TAMS 0x00000000e9c00000, 0x00000000e9c00000| Untracked 
| 157|0x00000000e9d00000, 0x00000000e9d68590, 0x00000000e9e00000| 40%| S|CS|TAMS 0x00000000e9d00000, 0x00000000e9d00000| Complete 
| 158|0x00000000e9e00000, 0x00000000e9f00000, 0x00000000e9f00000|100%| S|CS|TAMS 0x00000000e9e00000, 0x00000000e9e00000| Complete 
| 159|0x00000000e9f00000, 0x00000000ea000000, 0x00000000ea000000|100%| S|CS|TAMS 0x00000000e9f00000, 0x00000000e9f00000| Complete 
| 160|0x00000000ea000000, 0x00000000ea100000, 0x00000000ea100000|100%| S|CS|TAMS 0x00000000ea000000, 0x00000000ea000000| Complete 
| 161|0x00000000ea100000, 0x00000000ea200000, 0x00000000ea200000|100%| S|CS|TAMS 0x00000000ea100000, 0x00000000ea100000| Complete 
| 162|0x00000000ea200000, 0x00000000ea300000, 0x00000000ea300000|100%| S|CS|TAMS 0x00000000ea200000, 0x00000000ea200000| Complete 
| 163|0x00000000ea300000, 0x00000000ea400000, 0x00000000ea400000|100%| S|CS|TAMS 0x00000000ea300000, 0x00000000ea300000| Complete 
| 164|0x00000000ea400000, 0x00000000ea500000, 0x00000000ea500000|100%| S|CS|TAMS 0x00000000ea400000, 0x00000000ea400000| Complete 
| 165|0x00000000ea500000, 0x00000000ea600000, 0x00000000ea600000|100%| S|CS|TAMS 0x00000000ea500000, 0x00000000ea500000| Complete 
| 166|0x00000000ea600000, 0x00000000ea700000, 0x00000000ea700000|100%| S|CS|TAMS 0x00000000ea600000, 0x00000000ea600000| Complete 
| 167|0x00000000ea700000, 0x00000000ea700000, 0x00000000ea800000|  0%| F|  |TAMS 0x00000000ea700000, 0x00000000ea700000| Untracked 
| 168|0x00000000ea800000, 0x00000000ea800000, 0x00000000ea900000|  0%| F|  |TAMS 0x00000000ea800000, 0x00000000ea800000| Untracked 
| 169|0x00000000ea900000, 0x00000000ea900000, 0x00000000eaa00000|  0%| F|  |TAMS 0x00000000ea900000, 0x00000000ea900000| Untracked 
| 170|0x00000000eaa00000, 0x00000000eaa00000, 0x00000000eab00000|  0%| F|  |TAMS 0x00000000eaa00000, 0x00000000eaa00000| Untracked 
| 171|0x00000000eab00000, 0x00000000eab00000, 0x00000000eac00000|  0%| F|  |TAMS 0x00000000eab00000, 0x00000000eab00000| Untracked 
| 172|0x00000000eac00000, 0x00000000eac00000, 0x00000000ead00000|  0%| F|  |TAMS 0x00000000eac00000, 0x00000000eac00000| Untracked 
| 173|0x00000000ead00000, 0x00000000ead00000, 0x00000000eae00000|  0%| F|  |TAMS 0x00000000ead00000, 0x00000000ead00000| Untracked 
| 174|0x00000000eae00000, 0x00000000eae00000, 0x00000000eaf00000|  0%| F|  |TAMS 0x00000000eae00000, 0x00000000eae00000| Untracked 
| 175|0x00000000eaf00000, 0x00000000eaf00000, 0x00000000eb000000|  0%| F|  |TAMS 0x00000000eaf00000, 0x00000000eaf00000| Untracked 
| 176|0x00000000eb000000, 0x00000000eb000000, 0x00000000eb100000|  0%| F|  |TAMS 0x00000000eb000000, 0x00000000eb000000| Untracked 
| 177|0x00000000eb100000, 0x00000000eb100000, 0x00000000eb200000|  0%| F|  |TAMS 0x00000000eb100000, 0x00000000eb100000| Untracked 
| 178|0x00000000eb200000, 0x00000000eb200000, 0x00000000eb300000|  0%| F|  |TAMS 0x00000000eb200000, 0x00000000eb200000| Untracked 
| 179|0x00000000eb300000, 0x00000000eb300000, 0x00000000eb400000|  0%| F|  |TAMS 0x00000000eb300000, 0x00000000eb300000| Untracked 
| 180|0x00000000eb400000, 0x00000000eb400000, 0x00000000eb500000|  0%| F|  |TAMS 0x00000000eb400000, 0x00000000eb400000| Untracked 
| 181|0x00000000eb500000, 0x00000000eb500000, 0x00000000eb600000|  0%| F|  |TAMS 0x00000000eb500000, 0x00000000eb500000| Untracked 
| 182|0x00000000eb600000, 0x00000000eb600000, 0x00000000eb700000|  0%| F|  |TAMS 0x00000000eb600000, 0x00000000eb600000| Untracked 
| 183|0x00000000eb700000, 0x00000000eb700000, 0x00000000eb800000|  0%| F|  |TAMS 0x00000000eb700000, 0x00000000eb700000| Untracked 
| 184|0x00000000eb800000, 0x00000000eb800000, 0x00000000eb900000|  0%| F|  |TAMS 0x00000000eb800000, 0x00000000eb800000| Untracked 
| 185|0x00000000eb900000, 0x00000000eb900000, 0x00000000eba00000|  0%| F|  |TAMS 0x00000000eb900000, 0x00000000eb900000| Untracked 
| 186|0x00000000eba00000, 0x00000000eba00000, 0x00000000ebb00000|  0%| F|  |TAMS 0x00000000eba00000, 0x00000000eba00000| Untracked 
| 187|0x00000000ebb00000, 0x00000000ebb00000, 0x00000000ebc00000|  0%| F|  |TAMS 0x00000000ebb00000, 0x00000000ebb00000| Untracked 
| 188|0x00000000ebc00000, 0x00000000ebc00000, 0x00000000ebd00000|  0%| F|  |TAMS 0x00000000ebc00000, 0x00000000ebc00000| Untracked 
| 189|0x00000000ebd00000, 0x00000000ebd00000, 0x00000000ebe00000|  0%| F|  |TAMS 0x00000000ebd00000, 0x00000000ebd00000| Untracked 
| 190|0x00000000ebe00000, 0x00000000ebe00000, 0x00000000ebf00000|  0%| F|  |TAMS 0x00000000ebe00000, 0x00000000ebe00000| Untracked 
| 191|0x00000000ebf00000, 0x00000000ebf00000, 0x00000000ec000000|  0%| F|  |TAMS 0x00000000ebf00000, 0x00000000ebf00000| Untracked 
| 192|0x00000000ec000000, 0x00000000ec000000, 0x00000000ec100000|  0%| F|  |TAMS 0x00000000ec000000, 0x00000000ec000000| Untracked 
| 193|0x00000000ec100000, 0x00000000ec100000, 0x00000000ec200000|  0%| F|  |TAMS 0x00000000ec100000, 0x00000000ec100000| Untracked 
| 194|0x00000000ec200000, 0x00000000ec200000, 0x00000000ec300000|  0%| F|  |TAMS 0x00000000ec200000, 0x00000000ec200000| Untracked 
| 195|0x00000000ec300000, 0x00000000ec300000, 0x00000000ec400000|  0%| F|  |TAMS 0x00000000ec300000, 0x00000000ec300000| Untracked 
| 196|0x00000000ec400000, 0x00000000ec400000, 0x00000000ec500000|  0%| F|  |TAMS 0x00000000ec400000, 0x00000000ec400000| Untracked 
| 197|0x00000000ec500000, 0x00000000ec500000, 0x00000000ec600000|  0%| F|  |TAMS 0x00000000ec500000, 0x00000000ec500000| Untracked 
| 198|0x00000000ec600000, 0x00000000ec600000, 0x00000000ec700000|  0%| F|  |TAMS 0x00000000ec600000, 0x00000000ec600000| Untracked 
| 199|0x00000000ec700000, 0x00000000ec700000, 0x00000000ec800000|  0%| F|  |TAMS 0x00000000ec700000, 0x00000000ec700000| Untracked 
| 200|0x00000000ec800000, 0x00000000ec800000, 0x00000000ec900000|  0%| F|  |TAMS 0x00000000ec800000, 0x00000000ec800000| Untracked 
| 201|0x00000000ec900000, 0x00000000ec900000, 0x00000000eca00000|  0%| F|  |TAMS 0x00000000ec900000, 0x00000000ec900000| Untracked 
| 202|0x00000000eca00000, 0x00000000eca00000, 0x00000000ecb00000|  0%| F|  |TAMS 0x00000000eca00000, 0x00000000eca00000| Untracked 
| 203|0x00000000ecb00000, 0x00000000ecb00000, 0x00000000ecc00000|  0%| F|  |TAMS 0x00000000ecb00000, 0x00000000ecb00000| Untracked 
| 204|0x00000000ecc00000, 0x00000000ecc00000, 0x00000000ecd00000|  0%| F|  |TAMS 0x00000000ecc00000, 0x00000000ecc00000| Untracked 
| 205|0x00000000ecd00000, 0x00000000ecd00000, 0x00000000ece00000|  0%| F|  |TAMS 0x00000000ecd00000, 0x00000000ecd00000| Untracked 
| 206|0x00000000ece00000, 0x00000000ece00000, 0x00000000ecf00000|  0%| F|  |TAMS 0x00000000ece00000, 0x00000000ece00000| Untracked 
| 207|0x00000000ecf00000, 0x00000000ecf00000, 0x00000000ed000000|  0%| F|  |TAMS 0x00000000ecf00000, 0x00000000ecf00000| Untracked 
| 208|0x00000000ed000000, 0x00000000ed000000, 0x00000000ed100000|  0%| F|  |TAMS 0x00000000ed000000, 0x00000000ed000000| Untracked 
| 209|0x00000000ed100000, 0x00000000ed100000, 0x00000000ed200000|  0%| F|  |TAMS 0x00000000ed100000, 0x00000000ed100000| Untracked 
| 210|0x00000000ed200000, 0x00000000ed200000, 0x00000000ed300000|  0%| F|  |TAMS 0x00000000ed200000, 0x00000000ed200000| Untracked 
| 211|0x00000000ed300000, 0x00000000ed300000, 0x00000000ed400000|  0%| F|  |TAMS 0x00000000ed300000, 0x00000000ed300000| Untracked 
| 212|0x00000000ed400000, 0x00000000ed400000, 0x00000000ed500000|  0%| F|  |TAMS 0x00000000ed400000, 0x00000000ed400000| Untracked 
| 213|0x00000000ed500000, 0x00000000ed500000, 0x00000000ed600000|  0%| F|  |TAMS 0x00000000ed500000, 0x00000000ed500000| Untracked 
| 214|0x00000000ed600000, 0x00000000ed600000, 0x00000000ed700000|  0%| F|  |TAMS 0x00000000ed600000, 0x00000000ed600000| Untracked 
| 215|0x00000000ed700000, 0x00000000ed700000, 0x00000000ed800000|  0%| F|  |TAMS 0x00000000ed700000, 0x00000000ed700000| Untracked 
| 216|0x00000000ed800000, 0x00000000ed800000, 0x00000000ed900000|  0%| F|  |TAMS 0x00000000ed800000, 0x00000000ed800000| Untracked 
| 217|0x00000000ed900000, 0x00000000ed900000, 0x00000000eda00000|  0%| F|  |TAMS 0x00000000ed900000, 0x00000000ed900000| Untracked 
| 218|0x00000000eda00000, 0x00000000eda00000, 0x00000000edb00000|  0%| F|  |TAMS 0x00000000eda00000, 0x00000000eda00000| Untracked 
| 219|0x00000000edb00000, 0x00000000edb00000, 0x00000000edc00000|  0%| F|  |TAMS 0x00000000edb00000, 0x00000000edb00000| Untracked 
| 220|0x00000000edc00000, 0x00000000edc00000, 0x00000000edd00000|  0%| F|  |TAMS 0x00000000edc00000, 0x00000000edc00000| Untracked 
| 221|0x00000000edd00000, 0x00000000edd00000, 0x00000000ede00000|  0%| F|  |TAMS 0x00000000edd00000, 0x00000000edd00000| Untracked 
| 222|0x00000000ede00000, 0x00000000ede00000, 0x00000000edf00000|  0%| F|  |TAMS 0x00000000ede00000, 0x00000000ede00000| Untracked 
| 223|0x00000000edf00000, 0x00000000edf00000, 0x00000000ee000000|  0%| F|  |TAMS 0x00000000edf00000, 0x00000000edf00000| Untracked 
| 224|0x00000000ee000000, 0x00000000ee000000, 0x00000000ee100000|  0%| F|  |TAMS 0x00000000ee000000, 0x00000000ee000000| Untracked 
| 225|0x00000000ee100000, 0x00000000ee100000, 0x00000000ee200000|  0%| F|  |TAMS 0x00000000ee100000, 0x00000000ee100000| Untracked 
| 226|0x00000000ee200000, 0x00000000ee200000, 0x00000000ee300000|  0%| F|  |TAMS 0x00000000ee200000, 0x00000000ee200000| Untracked 
| 227|0x00000000ee300000, 0x00000000ee300000, 0x00000000ee400000|  0%| F|  |TAMS 0x00000000ee300000, 0x00000000ee300000| Untracked 
| 228|0x00000000ee400000, 0x00000000ee400000, 0x00000000ee500000|  0%| F|  |TAMS 0x00000000ee400000, 0x00000000ee400000| Untracked 
| 229|0x00000000ee500000, 0x00000000ee500000, 0x00000000ee600000|  0%| F|  |TAMS 0x00000000ee500000, 0x00000000ee500000| Untracked 
| 230|0x00000000ee600000, 0x00000000ee600000, 0x00000000ee700000|  0%| F|  |TAMS 0x00000000ee600000, 0x00000000ee600000| Untracked 
| 231|0x00000000ee700000, 0x00000000ee700000, 0x00000000ee800000|  0%| F|  |TAMS 0x00000000ee700000, 0x00000000ee700000| Untracked 
| 232|0x00000000ee800000, 0x00000000ee800000, 0x00000000ee900000|  0%| F|  |TAMS 0x00000000ee800000, 0x00000000ee800000| Untracked 
| 233|0x00000000ee900000, 0x00000000ee900000, 0x00000000eea00000|  0%| F|  |TAMS 0x00000000ee900000, 0x00000000ee900000| Untracked 
| 234|0x00000000eea00000, 0x00000000eea00000, 0x00000000eeb00000|  0%| F|  |TAMS 0x00000000eea00000, 0x00000000eea00000| Untracked 
| 235|0x00000000eeb00000, 0x00000000eeb00000, 0x00000000eec00000|  0%| F|  |TAMS 0x00000000eeb00000, 0x00000000eeb00000| Untracked 
| 236|0x00000000eec00000, 0x00000000eec00000, 0x00000000eed00000|  0%| F|  |TAMS 0x00000000eec00000, 0x00000000eec00000| Untracked 
| 237|0x00000000eed00000, 0x00000000eed00000, 0x00000000eee00000|  0%| F|  |TAMS 0x00000000eed00000, 0x00000000eed00000| Untracked 
| 238|0x00000000eee00000, 0x00000000eee00000, 0x00000000eef00000|  0%| F|  |TAMS 0x00000000eee00000, 0x00000000eee00000| Untracked 
| 239|0x00000000eef00000, 0x00000000eef00000, 0x00000000ef000000|  0%| F|  |TAMS 0x00000000eef00000, 0x00000000eef00000| Untracked 
| 240|0x00000000ef000000, 0x00000000ef000000, 0x00000000ef100000|  0%| F|  |TAMS 0x00000000ef000000, 0x00000000ef000000| Untracked 
| 241|0x00000000ef100000, 0x00000000ef100000, 0x00000000ef200000|  0%| F|  |TAMS 0x00000000ef100000, 0x00000000ef100000| Untracked 
| 242|0x00000000ef200000, 0x00000000ef200000, 0x00000000ef300000|  0%| F|  |TAMS 0x00000000ef200000, 0x00000000ef200000| Untracked 
| 243|0x00000000ef300000, 0x00000000ef300000, 0x00000000ef400000|  0%| F|  |TAMS 0x00000000ef300000, 0x00000000ef300000| Untracked 
| 244|0x00000000ef400000, 0x00000000ef400000, 0x00000000ef500000|  0%| F|  |TAMS 0x00000000ef400000, 0x00000000ef400000| Untracked 
| 245|0x00000000ef500000, 0x00000000ef500000, 0x00000000ef600000|  0%| F|  |TAMS 0x00000000ef500000, 0x00000000ef500000| Untracked 
| 246|0x00000000ef600000, 0x00000000ef6eda88, 0x00000000ef700000| 92%| E|  |TAMS 0x00000000ef600000, 0x00000000ef600000| Complete 
| 247|0x00000000ef700000, 0x00000000ef800000, 0x00000000ef800000|100%| E|CS|TAMS 0x00000000ef700000, 0x00000000ef700000| Complete 
| 248|0x00000000ef800000, 0x00000000ef900000, 0x00000000ef900000|100%| E|CS|TAMS 0x00000000ef800000, 0x00000000ef800000| Complete 
| 249|0x00000000ef900000, 0x00000000efa00000, 0x00000000efa00000|100%| E|CS|TAMS 0x00000000ef900000, 0x00000000ef900000| Complete 
| 250|0x00000000efa00000, 0x00000000efb00000, 0x00000000efb00000|100%| E|CS|TAMS 0x00000000efa00000, 0x00000000efa00000| Complete 
| 251|0x00000000efb00000, 0x00000000efc00000, 0x00000000efc00000|100%| E|CS|TAMS 0x00000000efb00000, 0x00000000efb00000| Complete 
| 252|0x00000000efc00000, 0x00000000efd00000, 0x00000000efd00000|100%| E|CS|TAMS 0x00000000efc00000, 0x00000000efc00000| Complete 
| 253|0x00000000efd00000, 0x00000000efe00000, 0x00000000efe00000|100%| E|CS|TAMS 0x00000000efd00000, 0x00000000efd00000| Complete 
| 254|0x00000000efe00000, 0x00000000eff00000, 0x00000000eff00000|100%| E|CS|TAMS 0x00000000efe00000, 0x00000000efe00000| Complete 
| 255|0x00000000eff00000, 0x00000000f0000000, 0x00000000f0000000|100%| E|CS|TAMS 0x00000000eff00000, 0x00000000eff00000| Complete 

Card table byte_map: [0x00000131ff710000,0x00000131ff810000] _byte_map_base: 0x00000131ff010000

Marking Bits (Prev, Next): (CMBitMap*) 0x00000131f6cbe940, (CMBitMap*) 0x00000131f6cbe908
 Prev Bits: [0x000001318f800000, 0x0000013190000000)
 Next Bits: [0x000001318f000000, 0x000001318f800000)

Polling page: 0x00000131f4a50000

Metaspace:

Usage:
  Non-class:     19.37 MB capacity,    19.05 MB ( 98%) used,   290.00 KB (  1%) free+waste,    35.50 KB ( <1%) overhead. 
      Class:      2.85 MB capacity,     2.68 MB ( 94%) used,   156.71 KB (  5%) free+waste,    17.50 KB ( <1%) overhead. 
       Both:     22.22 MB capacity,    21.73 MB ( 98%) used,   446.71 KB (  2%) free+waste,    53.00 KB ( <1%) overhead. 

Virtual space:
  Non-class space:       20.00 MB reserved,      19.42 MB ( 97%) committed 
      Class space:      248.00 MB reserved,       2.88 MB (  1%) committed 
             Both:      268.00 MB reserved,      22.30 MB (  8%) committed 

Chunk freelists:
   Non-Class:  6.00 KB
       Class:  26.00 KB
        Both:  32.00 KB

MaxMetaspaceSize: 256.00 MB
CompressedClassSpaceSize: 248.00 MB

CodeHeap 'non-profiled nmethods': size=120000Kb used=811Kb max_used=811Kb free=119188Kb
 bounds [0x0000013187ad0000, 0x0000013187d40000, 0x000001318f000000]
CodeHeap 'profiled nmethods': size=120000Kb used=3674Kb max_used=3674Kb free=116325Kb
 bounds [0x00000131805a0000, 0x0000013180940000, 0x0000013187ad0000]
CodeHeap 'non-nmethods': size=5760Kb used=1140Kb max_used=1156Kb free=4619Kb
 bounds [0x0000013180000000, 0x0000013180270000, 0x00000131805a0000]
 total_blobs=3223 nmethods=1749 adapters=375
 compilation: enabled
              stopped_count=0, restarted_count=0
 full_count=0

Compilation events (20 events):
Event: 1.826 Thread 0x0000013192c80800 1951       3       sun.reflect.generics.parser.SignatureParser::parsePackageNameAndSimpleClassTypeSignature (119 bytes)
Event: 1.827 Thread 0x0000013192c80800 nmethod 1951 0x000001318086ab90 code [0x000001318086aee0, 0x000001318086bff0]
Event: 1.834 Thread 0x0000013192c80800 1952       1       java.util.concurrent.atomic.AtomicInteger::get (5 bytes)
Event: 1.834 Thread 0x0000013192c80800 nmethod 1952 0x0000013187b37490 code [0x0000013187b37640, 0x0000013187b37758]
Event: 1.835 Thread 0x0000013192c80800 1953       3       java.lang.invoke.VarHandleObjects$FieldInstanceReadWrite::compareAndSet (38 bytes)
Event: 1.836 Thread 0x0000013192c80800 nmethod 1953 0x0000013180899190 code [0x0000013180899400, 0x0000013180899dd0]
Event: 1.836 Thread 0x0000013192c80800 1954       3       java.lang.invoke.VarHandleGuards::guard_LL_V (103 bytes)
Event: 1.837 Thread 0x0000013192c80800 nmethod 1954 0x000001318092f790 code [0x000001318092fb00, 0x0000013180931610]
Event: 1.837 Thread 0x0000013192c80800 1955       3       java.lang.invoke.VarHandleObjects$FieldInstanceReadWrite::set (30 bytes)
Event: 1.837 Thread 0x0000013192c80800 nmethod 1955 0x0000013180931f10 code [0x0000013180932140, 0x00000131809328b0]
Event: 1.837 Thread 0x0000013192c80800 1956       3       java.lang.reflect.ProxyGenerator::codeLocalLoadStore (90 bytes)
Event: 1.838 Thread 0x0000013194ebc000 nmethod 1881 0x0000013187b95190 code [0x0000013187b953c0, 0x0000013187b96b90]
Event: 1.838 Thread 0x0000013194ebc000 1923       4       java.lang.AbstractStringBuilder::appendChars (130 bytes)
Event: 1.838 Thread 0x0000013192c80800 nmethod 1956 0x0000013180932b90 code [0x0000013180932e40, 0x0000013180933c90]
Event: 1.839 Thread 0x0000013192c80800 1957       1       java.util.Collections$EmptyIterator::hasNext (2 bytes)
Event: 1.839 Thread 0x0000013192c80800 nmethod 1957 0x0000013187b37110 code [0x0000013187b372c0, 0x0000013187b373d8]
Event: 1.841 Thread 0x0000013194ebc000 nmethod 1923 0x0000013187b3c790 code [0x0000013187b3c920, 0x0000013187b3cc18]
Event: 1.841 Thread 0x0000013194ebc000 1933       4       com.google.common.base.CharMatcher::indexIn (48 bytes)
Event: 1.843 Thread 0x0000013194ebc000 nmethod 1933 0x0000013187b97890 code [0x0000013187b97a40, 0x0000013187b97c48]
Event: 1.843 Thread 0x0000013194ebc000 1940 %     4       sun.nio.cs.UTF_8$Decoder::decodeArrayLoop @ 73 (691 bytes)

GC Heap History (4 events):
Event: 0.472 GC heap before
{Heap before GC invocations=0 (full 0):
 garbage-first heap   total 262144K, used 29696K [0x00000000e0000000, 0x0000000100000000)
  region size 1024K, 24 young (24576K), 0 survivors (0K)
 Metaspace       used 10749K, capacity 11002K, committed 11264K, reserved 264192K
  class space    used 1133K, capacity 1202K, committed 1280K, reserved 253952K
}
Event: 0.475 GC heap after
{Heap after GC invocations=1 (full 0):
 garbage-first heap   total 262144K, used 8971K [0x00000000e0000000, 0x0000000100000000)
  region size 1024K, 3 young (3072K), 3 survivors (3072K)
 Metaspace       used 10749K, capacity 11002K, committed 11264K, reserved 264192K
  class space    used 1133K, capacity 1202K, committed 1280K, reserved 253952K
}
Event: 1.751 GC heap before
{Heap before GC invocations=1 (full 0):
 garbage-first heap   total 262144K, used 94987K [0x00000000e0000000, 0x0000000100000000)
  region size 1024K, 89 young (91136K), 3 survivors (3072K)
 Metaspace       used 20780K, capacity 21202K, committed 21296K, reserved 274432K
  class space    used 2512K, capacity 2674K, committed 2688K, reserved 253952K
}
Event: 1.757 GC heap after
{Heap after GC invocations=2 (full 0):
 garbage-first heap   total 262144K, used 15532K [0x00000000e0000000, 0x0000000100000000)
  region size 1024K, 10 young (10240K), 10 survivors (10240K)
 Metaspace       used 20780K, capacity 21202K, committed 21296K, reserved 274432K
  class space    used 2512K, capacity 2674K, committed 2688K, reserved 253952K
}

Deoptimization events (20 events):
Event: 1.632 Thread 0x0000013194744000 Uncommon trap: trap_request=0xffffff4d fr.pc=0x0000013187b79850 relative=0x0000000000000110
Event: 1.632 Thread 0x0000013194744000 Uncommon trap: reason=unstable_if action=reinterpret pc=0x0000013187b79850 method=java.lang.ThreadLocal$ThreadLocalMap.getEntry(Ljava/lang/ThreadLocal;)Ljava/lang/ThreadLocal$ThreadLocalMap$Entry; @ 29 c2
Event: 1.632 Thread 0x0000013194744000 DEOPT PACKING pc=0x0000013187b79850 sp=0x0000002a4adfc010
Event: 1.632 Thread 0x0000013194744000 DEOPT UNPACKING pc=0x0000013180028f2f sp=0x0000002a4adfbf50 mode 2
Event: 1.747 Thread 0x0000013194744000 Uncommon trap: trap_request=0xffffffc6 fr.pc=0x0000013187b336a4 relative=0x0000000000000084
Event: 1.747 Thread 0x0000013194744000 Uncommon trap: reason=bimorphic_or_optimized_type_check action=maybe_recompile pc=0x0000013187b336a4 method=java.util.AbstractList$Itr.hasNext()Z @ 8 c2
Event: 1.747 Thread 0x0000013194744000 DEOPT PACKING pc=0x0000013187b336a4 sp=0x0000002a4adf9d90
Event: 1.747 Thread 0x0000013194744000 DEOPT UNPACKING pc=0x0000013180028f2f sp=0x0000002a4adf9d28 mode 2
Event: 1.747 Thread 0x0000013194744000 Uncommon trap: trap_request=0xffffffc6 fr.pc=0x0000013187b33a7c relative=0x000000000000013c
Event: 1.747 Thread 0x0000013194744000 Uncommon trap: reason=bimorphic_or_optimized_type_check action=maybe_recompile pc=0x0000013187b33a7c method=java.util.AbstractList$Itr.next()Ljava/lang/Object; @ 14 c2
Event: 1.747 Thread 0x0000013194744000 DEOPT PACKING pc=0x0000013187b33a7c sp=0x0000002a4adf9d80
Event: 1.747 Thread 0x0000013194744000 DEOPT UNPACKING pc=0x0000013180028f2f sp=0x0000002a4adf9d18 mode 2
Event: 1.747 Thread 0x0000013194744000 Uncommon trap: trap_request=0xffffff4d fr.pc=0x0000013187b32bf8 relative=0x00000000000005b8
Event: 1.747 Thread 0x0000013194744000 Uncommon trap: reason=unstable_if action=reinterpret pc=0x0000013187b32bf8 method=java.io.File.getName()Ljava/lang/String; @ 16 c2
Event: 1.747 Thread 0x0000013194744000 DEOPT PACKING pc=0x0000013187b32bf8 sp=0x0000002a4adfa800
Event: 1.747 Thread 0x0000013194744000 DEOPT UNPACKING pc=0x0000013180028f2f sp=0x0000002a4adfa7d0 mode 2
Event: 1.747 Thread 0x0000013194744000 Uncommon trap: trap_request=0xffffff4d fr.pc=0x0000013187b2fa0c relative=0x000000000000044c
Event: 1.747 Thread 0x0000013194744000 Uncommon trap: reason=unstable_if action=reinterpret pc=0x0000013187b2fa0c method=java.lang.String.substring(I)Ljava/lang/String; @ 34 c2
Event: 1.747 Thread 0x0000013194744000 DEOPT PACKING pc=0x0000013187b2fa0c sp=0x0000002a4adfa780
Event: 1.747 Thread 0x0000013194744000 DEOPT UNPACKING pc=0x0000013180028f2f sp=0x0000002a4adfa758 mode 2

Classes redefined (0 events):
No events

Internal exceptions (20 events):
Event: 0.761 Thread 0x00000131f6c99000 Exception <a 'java/security/PrivilegedActionException'{0x00000000ee38fe50}> (0x00000000ee38fe50) thrown at [./src/hotspot/share/prims/jvm.cpp, line 1297]
Event: 0.761 Thread 0x00000131f6c99000 Exception <a 'java/security/PrivilegedActionException'{0x00000000ee3911a0}> (0x00000000ee3911a0) thrown at [./src/hotspot/share/prims/jvm.cpp, line 1297]
Event: 0.761 Thread 0x00000131f6c99000 Exception <a 'java/security/PrivilegedActionException'{0x00000000ee391718}> (0x00000000ee391718) thrown at [./src/hotspot/share/prims/jvm.cpp, line 1297]
Event: 0.761 Thread 0x00000131f6c99000 Exception <a 'java/security/PrivilegedActionException'{0x00000000ee392ac8}> (0x00000000ee392ac8) thrown at [./src/hotspot/share/prims/jvm.cpp, line 1297]
Event: 0.761 Thread 0x00000131f6c99000 Exception <a 'java/security/PrivilegedActionException'{0x00000000ee393040}> (0x00000000ee393040) thrown at [./src/hotspot/share/prims/jvm.cpp, line 1297]
Event: 0.932 Thread 0x00000131f6c99000 Exception <a 'java/lang/NoSuchMethodError'{0x00000000ed4da468}: 'java.lang.Object java.lang.invoke.DirectMethodHandle$Holder.invokeStaticInit(java.lang.Object, java.lang.Object, java.lang.Object)'> (0x00000000ed4da468) thrown at [./src/hotspot/share/interpreter/linkResolver.cpp, line 773]
Event: 0.972 Thread 0x00000131f6c99000 Exception <a 'java/lang/NoSuchMethodError'{0x00000000ed137f50}: 'java.lang.Object java.lang.invoke.Invokers$Holder.invoker(java.lang.Object, java.lang.Object, java.lang.Object, java.lang.Object, java.lang.Object)'> (0x00000000ed137f50) thrown at [./src/hotspot/share/interpreter/linkResolver.cpp, line 773]
Event: 0.974 Thread 0x00000131f6c99000 Exception <a 'java/lang/NoSuchMethodError'{0x00000000ed148bc8}: 'void java.lang.invoke.DelegatingMethodHandle$Holder.delegate(java.lang.Object, java.lang.Object, int, java.lang.Object)'> (0x00000000ed148bc8) thrown at [./src/hotspot/share/interpreter/linkResolver.cpp, line 773]
Event: 1.015 Thread 0x00000131f6c99000 Exception <a 'java/lang/NoSuchMethodError'{0x00000000ece72ea0}: 'java.lang.Object java.lang.invoke.DirectMethodHandle$Holder.invokeStaticInit(java.lang.Object, int, int, int, int)'> (0x00000000ece72ea0) thrown at [./src/hotspot/share/interpreter/linkResolver.cpp, line 773]
Event: 1.146 Thread 0x00000131f6c99000 Exception <a 'java/lang/NoSuchMethodError'{0x00000000eceef448}: 'java.lang.Object java.lang.invoke.DirectMethodHandle$Holder.invokeStaticInit(java.lang.Object, java.lang.Object, int, int, int, int)'> (0x00000000eceef448) thrown at [./src/hotspot/share/interpreter/linkResolver.cpp, line 773]
Event: 1.365 Thread 0x00000131f6c99000 Exception <a 'java/io/IOException'{0x00000000eccc4728}> (0x00000000eccc4728) thrown at [./src/hotspot/share/prims/jni.cpp, line 615]
Event: 1.446 Thread 0x0000013194744000 Exception <a 'java/lang/NoSuchMethodError'{0x00000000ec662868}: 'void java.lang.invoke.DelegatingMethodHandle$Holder.reinvoke_L(java.lang.Object, java.lang.Object, java.lang.Object, java.lang.Object)'> (0x00000000ec662868) thrown at [./src/hotspot/share/interpreter/linkResolver.cpp, line 773]
Event: 1.449 Thread 0x0000013194744000 Exception <a 'java/lang/NoSuchMethodError'{0x00000000ec699228}: 'long java.lang.invoke.DirectMethodHandle$Holder.invokeInterface(java.lang.Object, java.lang.Object)'> (0x00000000ec699228) thrown at [./src/hotspot/share/interpreter/linkResolver.cpp, line 773]
Event: 1.451 Thread 0x0000013194744000 Exception <a 'java/lang/NoSuchMethodError'{0x00000000ec6b9690}: 'void java.lang.invoke.DelegatingMethodHandle$Holder.reinvoke_L(java.lang.Object, java.lang.Object, java.lang.Object, java.lang.Object, java.lang.Object, java.lang.Object, java.lang.Object)'> (0x00000000ec6b9690) thrown at [./src/hotspot/share/interpreter/linkResolver.cpp, line 773]
Event: 1.511 Thread 0x0000013194744000 Exception <a 'java/lang/NoSuchMethodError'{0x00000000ec0263e8}: 'java.lang.Object java.lang.invoke.DirectMethodHandle$Holder.invokeVirtual(java.lang.Object, java.lang.Object, java.lang.Object)'> (0x00000000ec0263e8) thrown at [./src/hotspot/share/interpreter/linkResolver.cpp, line 773]
Event: 1.579 Thread 0x0000013194744000 Exception <a 'java/lang/NoSuchMethodError'{0x00000000eba40df8}: 'void java.lang.invoke.DirectMethodHandle$Holder.invokeStaticInit(java.lang.Object)'> (0x00000000eba40df8) thrown at [./src/hotspot/share/interpreter/linkResolver.cpp, line 773]
Event: 1.724 Thread 0x0000013194744000 Exception <a 'java/lang/NoSuchMethodError'{0x00000000eaaa1c70}: 'java.lang.Object java.lang.invoke.DirectMethodHandle$Holder.invokeVirtual(java.lang.Object, java.lang.Object, java.lang.Object, java.lang.Object)'> (0x00000000eaaa1c70) thrown at [./src/hotspot/share/interpreter/linkResolver.cpp, line 773]
Event: 1.786 Thread 0x0000013194744000 Exception <a 'java/lang/NoSuchMethodError'{0x00000000efe8b4c0}: 'int java.lang.invoke.DirectMethodHandle$Holder.invokeSpecialIFC(java.lang.Object, java.lang.Object, java.lang.Object, java.lang.Object)'> (0x00000000efe8b4c0) thrown at [./src/hotspot/share/interpreter/linkResolver.cpp, line 773]
Event: 1.787 Thread 0x0000013194744000 Exception <a 'java/lang/NoSuchMethodError'{0x00000000efe99628}: 'java.lang.Object java.lang.invoke.DirectMethodHandle$Holder.invokeInterface(java.lang.Object, java.lang.Object, java.lang.Object)'> (0x00000000efe99628) thrown at [./src/hotspot/share/interpreter/linkResolver.cpp, line 773]
Event: 1.788 Thread 0x0000013194744000 Exception <a 'java/lang/IncompatibleClassChangeError'{0x00000000efe9cda8}: Found class java.lang.Object, but interface was expected> (0x00000000efe9cda8) thrown at [./src/hotspot/share/interpreter/linkResolver.cpp, line 839]

Events (20 events):
Event: 1.851 loading class org/gradle/internal/reflect/NoSuchPropertyException done
Event: 1.851 loading class org/gradle/internal/reflect/PropertyDetails
Event: 1.851 loading class org/gradle/internal/reflect/PropertyDetails done
Event: 1.851 loading class org/gradle/plugin/management/internal/PluginRequestInternal
Event: 1.851 loading class org/gradle/plugin/management/internal/PluginRequestInternal done
Event: 1.851 loading class org/gradle/plugin/management/PluginRequest
Event: 1.851 loading class org/gradle/plugin/management/PluginRequest done
Event: 1.851 loading class org/gradle/plugin/use/PluginId
Event: 1.851 loading class org/gradle/plugin/use/PluginId done
Event: 1.851 loading class org/gradle/internal/reflect/PropertyAccessorType
Event: 1.851 loading class org/gradle/internal/reflect/PropertyAccessorType done
Event: 1.852 loading class org/gradle/internal/reflect/PropertyAccessorType$1
Event: 1.852 loading class org/gradle/internal/reflect/PropertyAccessorType$1 done
Event: 1.852 loading class org/gradle/internal/reflect/PropertyAccessorType$2
Event: 1.852 loading class org/gradle/internal/reflect/PropertyAccessorType$2 done
Event: 1.852 loading class org/gradle/internal/reflect/PropertyAccessorType$3
Event: 1.852 loading class org/gradle/internal/reflect/PropertyAccessorType$3 done
Event: 1.852 loading class org/gradle/internal/reflect/MethodSet$MethodKey
Event: 1.852 loading class org/gradle/internal/reflect/MethodSet$MethodKey done
Event: 1.852 loading class java/beans/Introspector


Dynamic libraries:
0x00007ff669210000 - 0x00007ff669272000 	C:\Program Files\RedHat\java-11-openjdk-11.0.7-1\bin\java.exe
0x00007ffaca640000 - 0x00007ffaca830000 	C:\WINDOWS\SYSTEM32\ntdll.dll
0x00007ffac9d40000 - 0x00007ffac9df2000 	C:\WINDOWS\System32\KERNEL32.DLL
0x00007ffac8210000 - 0x00007ffac84b5000 	C:\WINDOWS\System32\KERNELBASE.dll
0x00007ffac77c0000 - 0x00007ffac78ba000 	C:\WINDOWS\System32\ucrtbase.dll
0x00007ffac2ab0000 - 0x00007ffac2ac8000 	C:\Program Files\RedHat\java-11-openjdk-11.0.7-1\bin\jli.dll
0x00007ffabf660000 - 0x00007ffabf675000 	C:\Program Files\RedHat\java-11-openjdk-11.0.7-1\bin\VCRUNTIME140.dll
0x00007ffaca340000 - 0x00007ffaca4d4000 	C:\WINDOWS\System32\USER32.dll
0x00007ffac78f0000 - 0x00007ffac7911000 	C:\WINDOWS\System32\win32u.dll
0x00007ffac8960000 - 0x00007ffac8986000 	C:\WINDOWS\System32\GDI32.dll
0x00007ffaa2040000 - 0x00007ffaa22c4000 	C:\WINDOWS\WinSxS\amd64_microsoft.windows.common-controls_6595b64144ccf1df_6.0.18362.1139_none_9e7bf2d3e4605ac6\COMCTL32.dll
0x00007ffac7620000 - 0x00007ffac77b6000 	C:\WINDOWS\System32\gdi32full.dll
0x00007ffaca1f0000 - 0x00007ffaca28e000 	C:\WINDOWS\System32\msvcrt.dll
0x00007ffac8650000 - 0x00007ffac86ee000 	C:\WINDOWS\System32\msvcp_win.dll
0x00007ffac8990000 - 0x00007ffac8cc5000 	C:\WINDOWS\System32\combase.dll
0x00007ffac8840000 - 0x00007ffac8960000 	C:\WINDOWS\System32\RPCRT4.dll
0x00007ffac85d0000 - 0x00007ffac8650000 	C:\WINDOWS\System32\bcryptPrimitives.dll
0x00007ffac9e00000 - 0x00007ffac9e2e000 	C:\WINDOWS\System32\IMM32.DLL
0x00007ffa8c5a0000 - 0x00007ffa8c63b000 	C:\Program Files\RedHat\java-11-openjdk-11.0.7-1\bin\msvcp140.dll
0x00007ffa663e0000 - 0x00007ffa66f26000 	C:\Program Files\RedHat\java-11-openjdk-11.0.7-1\bin\server\jvm.dll
0x00007ffac9e30000 - 0x00007ffac9ed3000 	C:\WINDOWS\System32\ADVAPI32.dll
0x00007ffac9540000 - 0x00007ffac95d7000 	C:\WINDOWS\System32\sechost.dll
0x00007ffac9fb0000 - 0x00007ffac9fb8000 	C:\WINDOWS\System32\PSAPI.DLL
0x00007ffac5440000 - 0x00007ffac5464000 	C:\WINDOWS\SYSTEM32\WINMM.dll
0x00007ffab5430000 - 0x00007ffab5439000 	C:\WINDOWS\SYSTEM32\WSOCK32.dll
0x00007ffac1fd0000 - 0x00007ffac1fda000 	C:\WINDOWS\SYSTEM32\VERSION.dll
0x00007ffac9ee0000 - 0x00007ffac9f4f000 	C:\WINDOWS\System32\WS2_32.dll
0x00007ffac4fc0000 - 0x00007ffac4fed000 	C:\WINDOWS\SYSTEM32\winmmbase.dll
0x00007ffac75d0000 - 0x00007ffac761a000 	C:\WINDOWS\System32\cfgmgr32.dll
0x00007ffac7510000 - 0x00007ffac7521000 	C:\WINDOWS\System32\kernel.appcore.dll
0x00007ffac3e00000 - 0x00007ffac3e10000 	C:\Program Files\RedHat\java-11-openjdk-11.0.7-1\bin\verify.dll
0x00007ffab0dc0000 - 0x00007ffab0fb4000 	C:\WINDOWS\SYSTEM32\DBGHELP.DLL
0x00007ffab0390000 - 0x00007ffab03ba000 	C:\WINDOWS\SYSTEM32\dbgcore.DLL
0x00007ffab2b70000 - 0x00007ffab2b98000 	C:\Program Files\RedHat\java-11-openjdk-11.0.7-1\bin\java.dll
0x00007ffabf640000 - 0x00007ffabf657000 	C:\Program Files\RedHat\java-11-openjdk-11.0.7-1\bin\zip.dll
0x00007ffac3bb0000 - 0x00007ffac3bba000 	C:\Program Files\RedHat\java-11-openjdk-11.0.7-1\bin\jimage.dll
0x00007ffac95e0000 - 0x00007ffac9cc7000 	C:\WINDOWS\System32\SHELL32.dll
0x00007ffaca550000 - 0x00007ffaca5f9000 	C:\WINDOWS\System32\shcore.dll
0x00007ffac7a90000 - 0x00007ffac8210000 	C:\WINDOWS\System32\windows.storage.dll
0x00007ffac7550000 - 0x00007ffac7573000 	C:\WINDOWS\System32\profapi.dll
0x00007ffac7580000 - 0x00007ffac75ca000 	C:\WINDOWS\System32\powrprof.dll
0x00007ffac7500000 - 0x00007ffac7510000 	C:\WINDOWS\System32\UMPDC.dll
0x00007ffac9330000 - 0x00007ffac9382000 	C:\WINDOWS\System32\shlwapi.dll
0x00007ffac7920000 - 0x00007ffac7937000 	C:\WINDOWS\System32\cryptsp.dll
0x00007ffab8550000 - 0x00007ffab8569000 	C:\Program Files\RedHat\java-11-openjdk-11.0.7-1\bin\net.dll
0x00007ffac2fd0000 - 0x00007ffac30c0000 	C:\WINDOWS\SYSTEM32\WINHTTP.dll
0x00007ffac6ca0000 - 0x00007ffac6d07000 	C:\WINDOWS\system32\mswsock.dll
0x00007ffab5460000 - 0x00007ffab5472000 	C:\Program Files\RedHat\java-11-openjdk-11.0.7-1\bin\nio.dll
0x00007ffab2b40000 - 0x00007ffab2b6a000 	C:\Users\Eduardo\.gradle\native\36\windows-amd64\native-platform.dll
0x00007ffab2c20000 - 0x00007ffab2c29000 	C:\Program Files\RedHat\java-11-openjdk-11.0.7-1\bin\management.dll
0x00007ffab2c10000 - 0x00007ffab2c1b000 	C:\Program Files\RedHat\java-11-openjdk-11.0.7-1\bin\management_ext.dll
0x00007ffac6820000 - 0x00007ffac6853000 	C:\WINDOWS\system32\rsaenh.dll
0x00007ffac78c0000 - 0x00007ffac78e6000 	C:\WINDOWS\System32\bcrypt.dll
0x00007ffac7420000 - 0x00007ffac7445000 	C:\WINDOWS\SYSTEM32\USERENV.dll
0x00007ffac6e20000 - 0x00007ffac6e2c000 	C:\WINDOWS\SYSTEM32\CRYPTBASE.dll
0x00007ffac69c0000 - 0x00007ffac69fa000 	C:\WINDOWS\SYSTEM32\IPHLPAPI.DLL
0x00007ffac9280000 - 0x00007ffac9288000 	C:\WINDOWS\System32\NSI.dll
0x00007ffac1440000 - 0x00007ffac1456000 	C:\WINDOWS\SYSTEM32\dhcpcsvc6.DLL
0x00007ffac0cb0000 - 0x00007ffac0ccc000 	C:\WINDOWS\SYSTEM32\dhcpcsvc.DLL
0x00007ffac6a00000 - 0x00007ffac6acb000 	C:\WINDOWS\SYSTEM32\DNSAPI.dll

dbghelp: loaded successfully - version: 4.0.5 - missing functions: none
symbol engine: initialized successfully - sym options: 0x614 - pdb path: .;C:\Program Files\RedHat\java-11-openjdk-11.0.7-1\bin;C:\WINDOWS\SYSTEM32;C:\WINDOWS\WinSxS\amd64_microsoft.windows.common-controls_6595b64144ccf1df_6.0.18362.1139_none_9e7bf2d3e4605ac6;C:\Program Files\RedHat\java-11-openjdk-11.0.7-1\bin\server;C:\Users\Eduardo\.gradle\native\36\windows-amd64

VM Arguments:
jvm_args: --add-opens=java.base/java.util=ALL-UNNAMED --add-opens=java.base/java.lang=ALL-UNNAMED --add-opens=java.base/java.lang.invoke=ALL-UNNAMED --add-opens=java.prefs/java.util.prefs=ALL-UNNAMED -XX:MaxMetaspaceSize=256m -XX:+HeapDumpOnOutOfMemoryError -Xms256m -Xmx512m -Dfile.encoding=windows-1252 -Duser.country=CL -Duser.language=es -Duser.variant 
java_command: org.gradle.launcher.daemon.bootstrap.GradleDaemon 6.2
java_class_path (initial): C:\Users\Eduardo\.gradle\wrapper\dists\gradle-6.2-all\dvufqs6kielxeao781pmk5huj\gradle-6.2\lib\gradle-launcher-6.2.jar
Launcher Type: SUN_STANDARD

[Global flags]
     intx CICompilerCount                          = 4                                         {product} {ergonomic}
   size_t CompressedClassSpaceSize                 = 260046848                                 {product} {ergonomic}
     uint ConcGCThreads                            = 2                                         {product} {ergonomic}
     uint G1ConcRefinementThreads                  = 8                                         {product} {ergonomic}
   size_t G1HeapRegionSize                         = 1048576                                   {product} {ergonomic}
    uintx GCDrainStackTargetSize                   = 64                                        {product} {ergonomic}
     bool HeapDumpOnOutOfMemoryError               = true                                   {manageable} {command line}
   size_t InitialHeapSize                          = 268435456                                 {product} {command line}
   size_t MarkStackSize                            = 4194304                                   {product} {ergonomic}
   size_t MaxHeapSize                              = 536870912                                 {product} {command line}
   size_t MaxMetaspaceSize                         = 268435456                                 {product} {command line}
   size_t MaxNewSize                               = 321912832                                 {product} {ergonomic}
   size_t MinHeapDeltaBytes                        = 1048576                                   {product} {ergonomic}
    uintx NonNMethodCodeHeapSize                   = 5836300                                {pd product} {ergonomic}
    uintx NonProfiledCodeHeapSize                  = 122910970                              {pd product} {ergonomic}
    uintx ProfiledCodeHeapSize                     = 122910970                              {pd product} {ergonomic}
    uintx ReservedCodeCacheSize                    = 251658240                              {pd product} {ergonomic}
     bool SegmentedCodeCache                       = true                                      {product} {ergonomic}
     bool UseCompressedClassPointers               = true                                 {lp64_product} {ergonomic}
     bool UseCompressedOops                        = true                                 {lp64_product} {ergonomic}
     bool UseG1GC                                  = true                                      {product} {ergonomic}
     bool UseLargePagesIndividualAllocation        = false                                  {pd product} {ergonomic}

Logging:
Log output configuration:
 #0: stdout all=warning uptime,level,tags
 #1: stderr all=off uptime,level,tags

Environment Variables:
JAVA_HOME=C:\Program Files\RedHat\java-11-openjdk-11.0.7-1\
JRE_HOME=C:\Program Files\RedHat\java-11-openjdk-jre-11.0.7-1
CLASSPATH=E:\Duoc-Semestreviii\Portafolio\sigloxiiApp\android\\gradle\wrapper\gradle-wrapper.jar
PATH=E:\Duoc-Semestreviii\Portafolio\sigloxiiApp\android\node_modules\.bin;E:\Duoc-Semestreviii\Portafolio\sigloxiiApp\node_modules\.bin;E:\Duoc-Semestreviii\Portafolio\node_modules\.bin;E:\Duoc-Semestreviii\node_modules\.bin;E:\node_modules\.bin;C:\Program Files\nodejs;C:\Users\Eduardo\AppData\Roaming\npm\node_modules\npm\node_modules\npm-lifecycle\node-gyp-bin;E:\Duoc-Semestreviii\Portafolio\sigloxiiApp\node_modules\.bin;E:\Oracle\product\18.0.0\dbhomeXE\bin;C:\Program Files (x86)\Intel\Intel(R) Management Engine Components\iCLS\;C:\Program Files\Intel\Intel(R) Management Engine Components\iCLS\;C:\Windows\system32;C:\Windows;C:\Windows\System32\Wbem;C:\Windows\System32\WindowsPowerShell\v1.0\;C:\Windows\System32\OpenSSH\;C:\Program Files (x86)\Intel\Intel(R) Management Engine Components\DAL;C:\Program Files\Intel\Intel(R) Management Engine Components\DAL;C:\Program Files (x86)\Intel\Intel(R) Management Engine Components\IPT;C:\Program Files\Intel\Intel(R) Management Engine Components\IPT;C:\Program Files (x86)\NVIDIA Corporation\PhysX\Common;C:\Program Files\dotnet\;C:\Program Files (x86)\Microsoft SQL Server\150\DTS\Binn\;C:\WINDOWS\system32;C:\WINDOWS;C:\WINDOWS\System32\Wbem;C:\WINDOWS\System32\WindowsPowerShell\v1.0\;C:\WINDOWS\System32\OpenSSH\;C:\Program Files\Microsoft SQL Server\Client SDK\ODBC\130\Tools\Binn\;C:\Program Files\Microsoft SQL Server\Client SDK\ODBC\170\Tools\Binn\;C:\Program Files\Microsoft SQL Server\130\Tools\Binn\;C:\Program Files (x86)\Microsoft SQL Server\110\DTS\Binn\;C:\Program Files (x86)\Microsoft SQL Server\120\DTS\Binn\;C:\Program Files (x86)\Microsoft SQL Server\130\DTS\Binn\;C:\Program Files (x86)\Microsoft SQL Server\140\DTS\Binn\;C:\Program Files (x86)\Microsoft SQL Server\150\Tools\Binn\;C:\Program Files\Microsoft SQL Server\150\Tools\Binn\;C:\Program Files\Microsoft SQL Server\150\DTS\Binn\;C:\ProgramData\chocolatey\bin;C:\Program Files\OpenSSL\bin;C:\Program Files\nodejs\;C:\Program Files\Amazon\AWSCLIV2\;C:\Users\Eduardo\apa
USERNAME=Eduardo
OS=Windows_NT
PROCESSOR_IDENTIFIER=Intel64 Family 6 Model 158 Stepping 13, GenuineIntel



---------------  S Y S T E M  ---------------

OS: Windows 10 , 64 bit Build 18362 (10.0.18362.1110)
OS uptime: 2 days 18:32 hours
HyperV virtualization detected

CPU:total 8 (initial active 8) (8 cores per cpu, 1 threads per core) family 6 model 158 stepping 13, cmov, cx8, fxsr, mmx, sse, sse2, sse3, ssse3, sse4.1, sse4.2, popcnt, avx, avx2, aes, clmul, erms, rtm, 3dnowpref, lzcnt, tsc, tscinvbit, bmi1, bmi2, adx, fma

Memory: 4k page, system-wide physical 16224M (2277M free)
TotalPageFile size 59355M (AvailPageFile size 4M)
current process WorkingSet (physical memory assigned to process): 196M, peak: 197M
current process commit charge ("private bytes"): 395M, peak: 396M

vm_info: OpenJDK 64-Bit Server VM (11.0.7+10-LTS) for windows-amd64 JRE (11.0.7+10-LTS), built on Apr  9 2020 00:20:14 by "" with MS VC++ 15.9 (VS2017)

END.
